compiz (snow) - Info: Loaded Texture snow/snowflake.png
Reading symbols from compiz...Reading symbols from /usr/lib64/debug//usr/bin/compiz.debug...done.
done.
Attaching to program: /usr/bin/compiz, process 29507
Reading symbols from /usr/lib64/libX11.so.6...(no debugging symbols found)...done.
Reading symbols from /usr/lib64/libXcomposite.so.1...(no debugging symbols found)...done.
Reading symbols from /usr/lib64/libXext.so.6...(no debugging symbols found)...done.
Reading symbols from /usr/lib64/libXdamage.so.1...(no debugging symbols found)...done.
Reading symbols from /usr/lib64/libXfixes.so.3...(no debugging symbols found)...done.
Reading symbols from /usr/lib64/libXrandr.so.2...(no debugging symbols found)...done.
Reading symbols from /usr/lib64/libXi.so.6...(no debugging symbols found)...done.
Reading symbols from /usr/lib64/libXinerama.so.1...(no debugging symbols found)...done.
Reading symbols from /usr/lib64/libXcursor.so.1...(no debugging symbols found)...done.
Reading symbols from /usr/lib64/libICE.so.6...(no debugging symbols found)...done.
Reading symbols from /usr/lib64/libSM.so.6...(no debugging symbols found)...done.
Reading symbols from /usr/lib64/libxml2.so.2...(no debugging symbols found)...done.
Reading symbols from /usr/lib64/libstartup-notification-1.so.0...(no debugging symbols found)...done.
Reading symbols from /usr/lib64/libGL.so.1...(no debugging symbols found)...done.
Reading symbols from /lib64/libm.so.6...Reading symbols from /usr/lib64/debug//lib64/libm-2.23.so.debug...done.
done.
Reading symbols from /lib64/libdl.so.2...Reading symbols from /usr/lib64/debug//lib64/libdl-2.23.so.debug...done.
done.
Reading symbols from /lib64/libpthread.so.0...Reading symbols from /usr/lib64/debug//lib64/libpthread-2.23.so.debug...done.
done.
[Thread debugging using libthread_db enabled]
Using host libthread_db library "/lib64/libthread_db.so.1".
Reading symbols from /lib64/libc.so.6...Reading symbols from /usr/lib64/debug//lib64/libc-2.23.so.debug...done.
done.
Reading symbols from /usr/lib64/libxcb.so.1...(no debugging symbols found)...done.
Reading symbols from /usr/lib64/libXrender.so.1...(no debugging symbols found)...done.
Reading symbols from /usr/lib64/libbsd.so.0...(no debugging symbols found)...done.
Reading symbols from /lib64/libuuid.so.1...(no debugging symbols found)...done.
Reading symbols from /usr/lib64/libicuuc.so.58...(no debugging symbols found)...done.
Reading symbols from /lib64/libz.so.1...(no debugging symbols found)...done.
Reading symbols from /lib64/liblzma.so.5...(no debugging symbols found)...done.
Reading symbols from /usr/lib64/libxcb-util.so.1...(no debugging symbols found)...done.
Reading symbols from /usr/lib64/libX11-xcb.so.1...(no debugging symbols found)...done.
Reading symbols from /usr/lib64/libexpat.so.1...(no debugging symbols found)...done.
Reading symbols from /usr/lib64/libxcb-dri3.so.0...(no debugging symbols found)...done.
Reading symbols from /usr/lib64/libxcb-present.so.0...(no debugging symbols found)...done.
Reading symbols from /usr/lib64/libxcb-sync.so.1...(no debugging symbols found)...done.
Reading symbols from /usr/lib64/libxshmfence.so.1...(no debugging symbols found)...done.
Reading symbols from /usr/lib64/libglapi.so.0...(no debugging symbols found)...done.
Reading symbols from /usr/lib64/libxcb-glx.so.0...(no debugging symbols found)...done.
Reading symbols from /usr/lib64/libxcb-dri2.so.0...(no debugging symbols found)...done.
Reading symbols from /usr/lib64/libXxf86vm.so.1...(no debugging symbols found)...done.
Reading symbols from /usr/lib64/libdrm.so.2...(no debugging symbols found)...done.
Reading symbols from /lib64/ld-linux-x86-64.so.2...Reading symbols from /usr/lib64/debug//lib64/ld-2.23.so.debug...done.
done.
Reading symbols from /usr/lib64/libXau.so.6...(no debugging symbols found)...done.
Reading symbols from /usr/lib64/libXdmcp.so.6...(no debugging symbols found)...done.
Reading symbols from /lib64/librt.so.1...Reading symbols from /usr/lib64/debug//lib64/librt-2.23.so.debug...done.
done.
Reading symbols from /usr/lib64/libicudata.so.58...(no debugging symbols found)...done.
Reading symbols from /usr/lib/gcc/x86_64-pc-linux-gnu/4.9.4/libstdc++.so.6...(no debugging symbols found)...done.
Reading symbols from /usr/lib/gcc/x86_64-pc-linux-gnu/4.9.4/libgcc_s.so.1...(no debugging symbols found)...done.
Reading symbols from /usr/lib64/dri/i965_dri.so...(no debugging symbols found)...done.
Reading symbols from /usr/lib64/libnettle.so.6...(no debugging symbols found)...done.
Reading symbols from /usr/lib64/libdrm_intel.so.1...(no debugging symbols found)...done.
Reading symbols from /usr/lib64/libdrm_nouveau.so.2...(no debugging symbols found)...done.
Reading symbols from /usr/lib64/libpciaccess.so.0...(no debugging symbols found)...done.
Reading symbols from /usr/lib64/libtxc_dxtn.so...(no debugging symbols found)...done.
Reading symbols from /usr/lib64/compiz/libccp.so...Reading symbols from /usr/lib64/debug//usr/lib64/compiz/libccp.so.debug...done.
done.
Reading symbols from /usr/lib64/libcompizconfig.so.0...Reading symbols from /usr/lib64/debug//usr/lib64/libcompizconfig.so.0.0.0.debug...done.
done.
Reading symbols from /usr/lib64/compizconfig/backends/libini.so...Reading symbols from /usr/lib64/debug//usr/lib64/compizconfig/backends/libini.so.debug...done.
done.
Reading symbols from /usr/lib64/compiz/libmove.so...Reading symbols from /usr/lib64/debug//usr/lib64/compiz/libmove.so.debug...done.
done.
Reading symbols from /usr/lib64/compiz/libresize.so...Reading symbols from /usr/lib64/debug//usr/lib64/compiz/libresize.so.debug...done.
done.
Reading symbols from /usr/lib64/compiz/libplace.so...Reading symbols from /usr/lib64/debug//usr/lib64/compiz/libplace.so.debug...done.
done.
Reading symbols from /usr/lib64/compiz/libdecoration.so...Reading symbols from /usr/lib64/debug//usr/lib64/compiz/libdecoration.so.debug...done.
done.
Reading symbols from /usr/lib64/libdecoration.so.0...Reading symbols from /usr/lib64/debug//usr/lib64/libdecoration.so.0.0.0.debug...done.
done.
Reading symbols from /usr/lib64/compiz/libcommands.so...Reading symbols from /usr/lib64/debug//usr/lib64/compiz/libcommands.so.debug...done.
done.
Reading symbols from /usr/lib64/compiz/libtext.so...Reading symbols from /usr/lib64/debug//usr/lib64/compiz/libtext.so.debug...done.
done.
Reading symbols from /usr/lib64/libpangocairo-1.0.so.0...Reading symbols from /usr/lib64/debug//usr/lib64/libpangocairo-1.0.so.0.4000.3.debug...done.
done.
Reading symbols from /usr/lib64/libpango-1.0.so.0...Reading symbols from /usr/lib64/debug//usr/lib64/libpango-1.0.so.0.4000.3.debug...done.
done.
Reading symbols from /usr/lib64/libgobject-2.0.so.0...(no debugging symbols found)...done.
Reading symbols from /usr/lib64/libcairo.so.2...Reading symbols from /usr/lib64/debug//usr/lib64/libcairo.so.2.11400.6.debug...done.
done.
Reading symbols from /usr/lib64/libpangoft2-1.0.so.0...Reading symbols from /usr/lib64/debug//usr/lib64/libpangoft2-1.0.so.0.4000.3.debug...done.
done.
Reading symbols from /usr/lib64/libglib-2.0.so.0...(no debugging symbols found)...done.
Reading symbols from /usr/lib64/libfontconfig.so.1...(no debugging symbols found)...done.
Reading symbols from /usr/lib64/libfreetype.so.6...(no debugging symbols found)...done.
Reading symbols from /usr/lib64/libffi.so.6...(no debugging symbols found)...done.
Reading symbols from /usr/lib64/libpixman-1.so.0...(no debugging symbols found)...done.
Reading symbols from /usr/lib64/libEGL.so.1...(no debugging symbols found)...done.
Reading symbols from /usr/lib64/libpng16.so.16...(no debugging symbols found)...done.
Reading symbols from /usr/lib64/libxcb-shm.so.0...(no debugging symbols found)...done.
Reading symbols from /usr/lib64/libxcb-render.so.0...(no debugging symbols found)...done.
Reading symbols from /usr/lib64/libharfbuzz.so.0...(no debugging symbols found)...done.
Reading symbols from /lib64/libpcre.so.1...(no debugging symbols found)...done.
Reading symbols from /lib64/libbz2.so.1...(no debugging symbols found)...done.
Reading symbols from /usr/lib64/libxcb-xfixes.so.0...(no debugging symbols found)...done.
Reading symbols from /usr/lib64/libgbm.so.1...(no debugging symbols found)...done.
Reading symbols from /usr/lib64/libwayland-client.so.0...(no debugging symbols found)...done.
Reading symbols from /usr/lib64/libwayland-server.so.0...(no debugging symbols found)...done.
Reading symbols from /usr/lib64/libgraphite2.so.3...(no debugging symbols found)...done.
Reading symbols from /usr/lib64/compiz/libwinrules.so...Reading symbols from /usr/lib64/debug//usr/lib64/compiz/libwinrules.so.debug...done.
done.
Reading symbols from /usr/lib64/compiz/libannotate.so...Reading symbols from /usr/lib64/debug//usr/lib64/compiz/libannotate.so.debug...done.
done.
Reading symbols from /usr/lib64/compiz/libmousepoll.so...Reading symbols from /usr/lib64/debug//usr/lib64/compiz/libmousepoll.so.debug...done.
done.
Reading symbols from /usr/lib64/compiz/libdbus.so...Reading symbols from /usr/lib64/debug//usr/lib64/compiz/libdbus.so.debug...done.
done.
Reading symbols from /usr/lib64/libdbus-1.so.3...(no debugging symbols found)...done.
Reading symbols from /usr/lib64/libsystemd.so.0...(no debugging symbols found)...done.
Reading symbols from /usr/lib64/liblz4.so.1...(no debugging symbols found)...done.
Reading symbols from /lib64/libcap.so.2...(no debugging symbols found)...done.
Reading symbols from /lib64/libattr.so.1...(no debugging symbols found)...done.
Reading symbols from /usr/lib64/compiz/libmag.so...Reading symbols from /usr/lib64/debug//usr/lib64/compiz/libmag.so.debug...done.
done.
Reading symbols from /usr/lib64/compiz/libwizard.so...Reading symbols from /usr/lib64/debug//usr/lib64/compiz/libwizard.so.debug...done.
done.
Reading symbols from /usr/lib64/compiz/libshowdesktop.so...Reading symbols from /usr/lib64/debug//usr/lib64/compiz/libshowdesktop.so.debug...done.
done.
Reading symbols from /usr/lib64/compiz/libextrawm.so...Reading symbols from /usr/lib64/debug//usr/lib64/compiz/libextrawm.so.debug...done.
done.
Reading symbols from /usr/lib64/compiz/libdialog.so...Reading symbols from /usr/lib64/debug//usr/lib64/compiz/libdialog.so.debug...done.
done.
Reading symbols from /usr/lib64/compiz/libblur.so...Reading symbols from /usr/lib64/debug//usr/lib64/compiz/libblur.so.debug...done.
done.
Reading symbols from /usr/lib64/libGLU.so.1...(no debugging symbols found)...done.
Reading symbols from /usr/lib64/compiz/libcrashhandler.so...Reading symbols from /usr/lib64/debug//usr/lib64/compiz/libcrashhandler.so.debug...done.
done.
Reading symbols from /usr/lib64/compiz/libcolorfilter.so...Reading symbols from /usr/lib64/debug//usr/lib64/compiz/libcolorfilter.so.debug...done.
done.
Reading symbols from /usr/lib64/compiz/libnotification.so...Reading symbols from /usr/lib64/debug//usr/lib64/compiz/libnotification.so.debug...done.
done.
Reading symbols from /usr/lib64/libnotify.so.4...(no debugging symbols found)...done.
Reading symbols from /usr/lib64/libgdk_pixbuf-2.0.so.0...(no debugging symbols found)...done.
Reading symbols from /usr/lib64/libgio-2.0.so.0...(no debugging symbols found)...done.
Reading symbols from /usr/lib64/libgmodule-2.0.so.0...(no debugging symbols found)...done.
Reading symbols from /lib64/libresolv.so.2...Reading symbols from /usr/lib64/debug//lib64/libresolv-2.23.so.debug...done.
done.
Reading symbols from /usr/lib64/compiz/libsvg.so...Reading symbols from /usr/lib64/debug//usr/lib64/compiz/libsvg.so.debug...done.
done.
Reading symbols from /usr/lib64/librsvg-2.so.2...(no debugging symbols found)...done.
Reading symbols from /usr/lib64/libcroco-0.6.so.3...(no debugging symbols found)...done.
Reading symbols from /usr/lib64/compiz/libtitleinfo.so...Reading symbols from /usr/lib64/debug//usr/lib64/compiz/libtitleinfo.so.debug...done.
done.
Reading symbols from /usr/lib64/compiz/libregex.so...Reading symbols from /usr/lib64/debug//usr/lib64/compiz/libregex.so.debug...done.
done.
Reading symbols from /usr/lib64/compiz/libneg.so...Reading symbols from /usr/lib64/debug//usr/lib64/compiz/libneg.so.debug...done.
done.
Reading symbols from /usr/lib64/compiz/libanimation.so...Reading symbols from /usr/lib64/debug//usr/lib64/compiz/libanimation.so.debug...done.
done.
Reading symbols from /usr/lib64/compiz/libpng.so...Rea29	../sysdeps/unix/sysv/linux/waitpid.c: No such file or directory.
ding symbols from /usr/lib64/debug//usr/lib64/compiz/libpng.so.debug...done.
done.
Reading symbols from /usr/lib64/compiz/libgrid.so...Reading symbols from /usr/lib64/debug//usr/lib64/compiz/libgrid.so.debug...done.
done.
Reading symbols from /usr/lib64/compiz/libshift.so...Reading symbols from /usr/lib64/debug//usr/lib64/compiz/libshift.so.debug...done.
done.
Reading symbols from /usr/lib64/compiz/libtoggledeco.so...Reading symbols from /usr/lib64/debug//usr/lib64/compiz/libtoggledeco.so.debug...done.
done.
Reading symbols from /usr/lib64/compiz/libsnow.so...Reading symbols from /usr/lib64/debug//usr/lib64/compiz/libsnow.so.debug...done.
done.
Reading symbols from /usr/lib64/compiz/libwall.so...Reading symbols from /usr/lib64/debug//usr/lib64/compiz/libwall.so.debug...done.
done.
Reading symbols from /usr/lib64/compiz/libresizeinfo.so...Reading symbols from /usr/lib64/debug//usr/lib64/compiz/libresizeinfo.so.debug...done.
done.
Reading symbols from /usr/lib64/compiz/libobs.so...Reading symbols from /usr/lib64/debug//usr/lib64/compiz/libobs.so.debug...done.
done.
Reading symbols from /usr/lib64/compiz/libanimationsim.so...Reading symbols from /usr/lib64/debug//usr/lib64/compiz/libanimationsim.so.debug...done.
done.
Reading symbols from /usr/lib64/compiz/libfade.so...Reading symbols from /usr/lib64/debug//usr/lib64/compiz/libfade.so.debug...done.
done.
Reading symbols from /usr/lib64/compiz/libscale.so...Reading symbols from /usr/lib64/debug//usr/lib64/compiz/libscale.so.debug...done.
done.
Reading symbols from /usr/lib64/compiz/libanimationaddon.so...Reading symbols from /usr/lib64/debug//usr/lib64/compiz/libanimationaddon.so.debug...done.
done.
Reading symbols from /usr/lib64/compiz/libexpo.so...Reading symbols from /usr/lib64/debug//usr/lib64/compiz/libexpo.so.debug...done.
done.
Reading symbols from /usr/lib64/compiz/libezoom.so...Reading symbols from /usr/lib64/debug//usr/lib64/compiz/libezoom.so.debug...done.
done.
Reading symbols from /usr/lib64/compiz/libstaticswitcher.so...Reading symbols from /usr/lib64/debug//usr/lib64/compiz/libstaticswitcher.so.debug...done.
done.
Reading symbols from /usr/lib64/compiz/libscalefilter.so...Reading symbols from /usr/lib64/debug//usr/lib64/compiz/libscalefilter.so.debug...done.
done.
0x00007f3cd390a17a in __GI___waitpid (pid=29627, 
    stat_loc=stat_loc@entry=0x7ffcd3f67ba0, options=options@entry=0)
    at ../sysdeps/unix/sysv/linux/waitpid.c:29
(gdb) 
Thread 1 (Thread 0x7f3cd64287c0 (LWP 29507)):
#0  0x00007f3cd390a17a in __GI___waitpid (pid=29627, 
    stat_loc=stat_loc@entry=0x7ffcd3f67ba0, options=options@entry=0)
    at ../sysdeps/unix/sysv/linux/waitpid.c:29
        resultvar = 18446744073709551104
#1  0x00007f3cd389210b in do_system (line=<optimized out>)
    at ../sysdeps/posix/system.c:148
        __result = <optimized out>
        _buffer = {__routine = 0x7f3cd3892400 <cancel_handler>, 
          __arg = 0x7ffcd3f67b7c, __canceltype = 0, __prev = 0x0}
        _avail = 1
        status = 0
        save = <optimized out>
        pid = 29627
        sa = {__sigaction_handler = {sa_handler = 0x1, sa_sigaction = 0x1}, 
          sa_mask = {__val = {65536, 0 <repeats 15 times>}}, sa_flags = 0, 
          sa_restorer = 0x111}
        omask = {__val = {1024, 280375465082880, 0, 0, 4278190080, 255, 0, 0, 
            0, 0, 0, 0, 0, 0, 0, 0}}
#2  0x00007f3cc5a7a6e8 in crash_handler (sig=<optimized out>)
    at crashhandler.c:58
        count = 1
#3  <signal handler called>
No locals.
#4  0x00007f3cd5f9b118 in _XrmInternalStringToQuark ()
   from /usr/lib64/libX11.so.6
#5  0x00007f3cd5fd2667 in _XimInitialResourceInfo ()
   from /usr/lib64/libX11.so.6
#6  0x00007f3cd5fcdccd in _XimLocalOpenIM () from /usr/lib64/libX11.so.6
#7  0x00007f3cd5fcc630 in _XimOpenIM () from /usr/lib64/libX11.so.6
#8  0x00007f3cc1a5050e in scalefilterInitDisplay (p=<optimized out>, 
    d=0x652d90) at scalefilter.c:764
        fd = 0x2137b20
        index = 0
        p = <optimized out>
        d = 0x652d90
#9  0x00007f3cc1a50e72 in scalefilterOptionsInitObjectWrapper (p=0x2406500, 
    o=0x652d90) at scalefilter_options.c:490
        rv = <optimized out>
#10 0x000000000042b097 in initObjectTree (object=0x652d90, 
    closure=<optimized out>) at plugin.c:381
        pCtx = <optimized out>
        p = 0x2406500
        ctx = {plugin = 0x2a0ca60, type = 3549210384}
#11 0x000000000040f241 in forEachDisplayObject (parent=<optimized out>, 
    proc=0x42b060 <initObjectTree>, closure=0x7ffcd3f68a20) at display.c:127
        d = 0x652d90
#12 0x000000000042b232 in initObjectsWithType (type=1, parent=0x63ff80 <core>, 
    closure=<optimized out>) at plugin.c:339
        pCtx = <optimized out>
        ctx = {plugin = 0x2406500, object = 0x652d90}
#13 0x000000000040d7e0 in compObjectForEachType (
    parent=parent@entry=0x63ff80 <core>, 
    proc=proc@entry=0x42b1f0 <initObjectsWithType>, 
    closure=closure@entry=0x7ffcd3f68a90) at object.c:123
        i = 1
#14 0x000000000042b0bd in initObjectTree (object=0x63ff80 <core>, 
    closure=closure@entry=0x7ffcd3f68ad0) at plugin.c:393
        pCtx = 0x7ffcd3f68ad0
        p = 0x2406500
        ctx = {plugin = 0x2406500, type = 1}
#15 0x000000000042b8e7 in initPlugin (p=0x2406500) at plugin.c:456
        ctx = {plugin = 0x2406500, object = 0x63ff80 <core>}
#16 pushPlugin (p=p@entry=0x2406500) at plugin.c:613
No locals.
#17 0x0000000000410a04 in updatePlugins (d=0x652d90) at display.c:853
        p = 0x2406500
        pop = <optimized out>
        nPop = 0
        j = <optimized out>
        k = <optimized out>
        pList = 0xcac780
        o = 0x653310
        i = 41
        pListCount = 46
#18 eventLoop () at display.c:1440
        event = {type = 0, xany = {type = 0, serial = 269025066, 
            send_event = 269025066, display = 0x0, window = 281187213901824}, 
          xkey = {type = 0, serial = 269025066, send_event = 269025066, 
            display = 0x0, window = 281187213901824, root = 281187213901824, 
            subwindow = 0, time = 0, x = 1413828191, y = 1598904159, 
            x_root = 1398754627, y_root = 48, state = 0, keycode = 0, 
            same_screen = 0}, xbutton = {type = 0, serial = 269025066, 
            send_event = 269025066, display = 0x0, window = 281187213901824, 
            root = 281187213901824, subwindow = 0, time = 0, x = 1413828191, 
            y = 1598904159, x_root = 1398754627, y_root = 48, state = 0, 
            button = 0, same_screen = 0}, xmotion = {type = 0, 
            serial = 269025066, send_event = 269025066, display = 0x0, 
            window = 281187213901824, root = 281187213901824, subwindow = 0, 
            time = 0, x = 1413828191, y = 1598904159, x_root = 1398754627, 
            y_root = 48, state = 0, is_hint = 0 '\000', same_screen = 0}, 
          xcrossing = {type = 0, serial = 269025066, send_event = 269025066, 
            display = 0x0, window = 281187213901824, root = 281187213901824, 
            subwindow = 0, time = 0, x = 1413828191, y = 1598904159, 
            x_root = 1398754627, y_root = 48, mode = 0, detail = 0, 
            same_screen = 0, focus = 0, state = 6574736}, xfocus = {type = 0, 
            serial = 269025066, send_event = 269025066, display = 0x0, 
            window = 281187213901824, mode = 0, detail = 65469}, xexpose = {
            type = 0, serial = 269025066, send_event = 269025066, 
            display = 0x0, window = 281187213901824, x = 0, y = 65469, 
            width = 0, height = 0, count = 0}, xgraphicsexpose = {type = 0, 
            serial = 269025066, send_event = 269025066, display = 0x0, 
            drawable = 281187213901824, x = 0, y = 65469, width = 0, 
            height = 0, count = 0, major_code = 0, minor_code = 1413828191}, 
          xnoexpose = {type = 0, serial = 269025066, send_event = 269025066, 
            display = 0x0, drawable = 281187213901824, major_code = 0, 
            minor_code = 65469}, xvisibility = {type = 0, serial = 269025066, 
            send_event = 269025066, display = 0x0, window = 281187213901824, 
            state = 0}, xcreatewindow = {type = 0, serial = 269025066, 
            send_event = 269025066, display = 0x0, parent = 281187213901824, 
            window = 281187213901824, x = 0, y = 0, width = 0, height = 0, 
            border_width = 1413828191, override_redirect = 1598904159}, 
          xdestroywindow = {type = 0, serial = 269025066, 
            send_event = 269025066, display = 0x0, event = 281187213901824, 
            window = 281187213901824}, xunmap = {type = 0, serial = 269025066, 
            send_event = 269025066, display = 0x0, event = 281187213901824, 
            window = 281187213901824, from_configure = 0}, xmap = {type = 0, 
            serial = 269025066, send_event = 269025066, display = 0x0, 
            event = 281187213901824, window = 281187213901824, 
            override_redirect = 0}, xmaprequest = {type = 0, 
            serial = 269025066, send_event = 269025066, display = 0x0, 
            parent = 281187213901824, window = 281187213901824}, xreparent = {
            type = 0, serial = 269025066, send_event = 269025066, 
            display = 0x0, event = 281187213901824, window = 281187213901824, 
            parent = 0, x = 0, y = 0, override_redirect = 1413828191}, 
          xconfigure = {type = 0, serial = 269025066, send_event = 269025066, 
            display = 0x0, event = 281187213901824, window = 281187213901824, 
            x = 0, y = 0, width = 0, height = 0, border_width = 1413828191, 
            above = 207557184835, override_redirect = 0}, xgravity = {
            type = 0, serial = 269025066, send_event = 269025066, 
            display = 0x0, event = 281187213901824, window = 281187213901824, 
            x = 0, y = 0}, xresizerequest = {type = 0, serial = 269025066, 
            send_event = 269025066, display = 0x0, window = 281187213901824, 
            width = 0, height = 65469}, xconfigurerequest = {type = 0, 
            serial = 269025066, send_event = 269025066, display = 0x0, 
            parent = 281187213901824, window = 281187213901824, x = 0, y = 0, 
            width = 0, height = 0, border_width = 1413828191, 
            above = 207557184835, detail = 0, value_mask = 0}, xcirculate = {
            type = 0, serial = 269025066, send_event = 269025066, 
            display = 0x0, event = 281187213901824, window = 281187213901824, 
            place = 0}, xcirculaterequest = {type = 0, serial = 269025066, 
            send_event = 269025066, display = 0x0, parent = 281187213901824, 
            window = 281187213901824, place = 0}, xproperty = {type = 0, 
            serial = 269025066, send_event = 269025066, display = 0x0, 
            window = 281187213901824, atom = 281187213901824, time = 0, 
            state = 0}, xselectionclear = {type = 0, serial = 269025066, 
            send_event = 269025066, display = 0x0, window = 281187213901824, 
            selection = 281187213901824, time = 0}, xselectionrequest = {
            type = 0, serial = 269025066, send_event = 269025066, 
            display = 0x0, owner = 281187213901824, 
            requestor = 281187213901824, selection = 0, target = 0, 
            property = 6867241073757212255, time = 207557184835}, 
          xselection = {type = 0, serial = 269025066, send_event = 269025066, 
            display = 0x0, requestor = 281187213901824, 
            selection = 281187213901824, target = 0, property = 0, 
            time = 6867241073757212255}, xcolormap = {type = 0, 
            serial = 269025066, send_event = 269025066, display = 0x0, 
            window = 281187213901824, colormap = 281187213901824, new = 0, 
            state = 0}, xclient = {type = 0, serial = 269025066, 
            send_event = 269025066, display = 0x0, window = 281187213901824, 
            message_type = 281187213901824, format = 0, data = {
              b = "\000\000\000\000\000\000\000\000_NET_WM_CM_S", s = {0, 0, 
                0, 0, 20063, 21573, 22367, 24397, 19779, 21343}, l = {0, 
                6867241073757212255, 207557184835, 0, 0}}}, xmapping = {
            type = 0, serial = 269025066, send_event = 269025066, 
            display = 0x0, window = 281187213901824, request = 0, 
            first_keycode = 65469, count = 0}, xerror = {type = 0, 
            display = 0x1008ff2a, resourceid = 269025066, serial = 0, 
            error_code = 0 '\000', request_code = 0 '\000', 
            minor_code = 0 '\000'}, xkeymap = {type = 0, serial = 269025066, 
            send_event = 269025066, display = 0x0, window = 281187213901824, 
            key_vector = "\000\000\000\000\275\377", '\000' <repeats 18 times>, "_NET_WM_"}, xgeneric = {type = 0, serial = 269025066, send_event = 269025066, 
            display = 0x0, extension = 0, evtype = 65469}, xcookie = {
            type = 0, serial = 269025066, send_event = 269025066, 
            display = 0x0, extension = 0, evtype = 65469, cookie = 0, 
            data = 0x0}, pad = {0, 269025066, 269025066, 0, 281187213901824, 
            281187213901824, 0, 0, 6867241073757212255, 207557184835, 0, 0, 
            6574736, 6553472, 2, 4370639, 6574736, 140720308486147, 4401101, 
            2450736134424590592, 0, 65, 6, 4401500}}
        timeDiff = <optimized out>
        tv = {tv_sec = 1155453761489993728, tv_usec = 0}
        d = 0x652d90
        s = <optimized out>
        w = <optimized out>
        t = <optimized out>
        time = <optimized out>
        timeToNextRedraw = <optimized out>
        damageMask = <optimized out>
        mask = <optimized out>
#19 0x000000000040ce8a in main (argc=2, argv=<optimized out>) at main.c:562
        ctx = {offset = 3804, pluginData = 0x641010 "", 
          textureFilterData = 0x0, refreshRateData = 0x0}
        displayName = <optimized out>
        plugin = {0x4327cd "core", 0x4327d2 "ccp", 0x4327d6 "move", 
          0x4327db "resize", 0x432673 "place", 0x4327e2 "decoration", 
          0x4327ed "commands", 0x4327f6 "text", 0x4327fb "winrules", 
          0x432804 "annotate", 0x43280d "mousepoll", 0x432817 "dbus", 
          0x43281c "mag", 0x432820 "wizard", 0x432827 "showdesktop", 
          0x432833 "extrawm", 0x435271 "dialog", 0x43283b "blur", 
          0x432840 "crashhandler", 0x43284d "colorfilter", 
          0x432859 "notification", 0x432866 "svg", 0x43286a "titleinfo", 
          0x432874 "regex", 0x43287a "neg", 0x43287e "animation", 
          0x432888 "png", 0x43288c "grid", 0x432891 "shift", 
          0x432897 "toggledeco", 0x4328a2 "snow", 0x4328a7 "wall", 
          0x4328ac "resizeinfo", 0x4328b7 "obs", 0x4328bb "animationsim", 
          0x4328c8 "fade", 0x4328cd "scale", 0x4328d3 "animationaddon", 
          0x4328e2 "expo", 0x4328e7 "ezoom", 0x4328ed "staticswitcher", 
          0x4328fc "scalefilter", 0x432908 "scaleaddon", 0x432913 "opacify", 
          0x43291b "group", 0x432921 "kdecompat", 0x0 <repeats 69 times>, 
          0x7f3cd62ae24c <check_match+332> "\205\300\017\204{\377\377\377\351d\377\377\377\017\037\200", 0x0, 
          0xa6 <error: Cannot access memory at address 0xa6>, 
          0x7f3cd6436000 "", 0x7f3cd3856d90 "", 0x7f3cd3863ff0 "", 
          0x7f3cd62aea6a <do_lookup_x+1994> "H\203\304\060H\205\300\017\205\250\002", 0xa6 <error: Cannot access memory at address 0xa6>, 0x7f3cd3863ff0 "", 
          0x7f3cd6436000 "", 0x7ffcd3f69138 "\220m\205\323<\177", 
          0x7ffcd3f69134 "<\177", 
          0x7f3cd62ae3fa <do_lookup_x+346> "\205\300\017\205\034\b", 
          0x7f3cd3beefd5 "__libc_pthread_init", 
          0x7f3cd3bed420 <incomplete sequence \315>, 
          0x7ffcd3f69138 "\220m\205\323<\177", 
          0xb12fe117 <error: Cannot access memory at address 0xb12fe117>, 
          0x2c4bf84 <error: Cannot access memory at address 0x2c4bf84>, 
          0x17 <error: Cannot access memory at address 0x17>, 
          0x7ffcd3f69210 "x\222\366\323\374\177", 0x7f3cd3863ff0 "", 
          0x7f3cd3856d90 "", 0x7ffcd3f69134 "<\177", 0x7ffcd3f69200 "{p@", 
          0x7f3cd62ae24c <check_match+332> "\205\300\017\204{\377\377\377\351d\377\377\377\017\037\200", 0x2d <error: Cannot access memory at address 0x2d>, 
          0x32e <error: Cannot access memory at address 0x32e>, 
          0x7f3cd6436000 "", 0x7f3cd3856d90 "", 0x7f3cd3863ff0 "", 
          0x7f3cd62aea6a <do_lookup_x+1994> "H\203\304\060H\205\300\017\205\250\002", 0x32e <error: Cannot access memory at address 0x32e>, 0x7f3cd3863ff0 "", 
          0x7f3cd6436000 "", 0x7ffcd3f691f8 "\372\343*\326<\177", 
          0x7ffcd3f691f4 "\374\177", 
          0x7f3cd62ae3fa <do_lookup_x+346> "\205\300\017\205\034\b", 
          0x7f3cceb29a72 "__cxa_atexit", 0x7f3cceb10068 "r3", 
          0x7ffcd3f691f8 "\372\343*\326<\177", 
          0x7f3cd62ae24c <check_match+332> "\205\300\017\204{\377\377\377\351d\377\377\377\017\037\200", 0xad0fa7 "", 
          0x845 <error: Cannot access memory at address 0x845>, 
          0x7f3cd6436000 "", 0x7f3cd3856d90 "", 0x7f3cd3863ff0 "", 
          0x7f3cd62aea6a <do_lookup_x+1994> "H\203\304\060H\205\300\017\205\250\002", 0x845 <error: Cannot access memory at address 0x845>, 0x7f3cd3863ff0 "", 
          0x7f3cd6436000 "", 0x7ffcd3f69278 "", 0x7ffcd3f69274 "", 
          0x7f3cd62ae3fa <do_lookup_x+346> "\205\300\017\205\034\b", 
          0x40707b "__libc_start_main", 0x403378 "\023\022", 
          0x7ffcd3f69278 "", 
          0xf63d4e2e <error: Cannot access memory at address 0xf63d4e2e>, 
          0x3d8f538 <error: Cannot access memory at address 0x3d8f538>, 
          0x7f3c0000002e <error: Cannot access memory at address 0x7f3c0000002e>, 0x7ffcd3f69350 "\b4\206\323<\177", 0x7f3cd3863ff0 "", 0x7f3cd3856d90 "", 
          0x7ffcd3f69274 "", 0x7ffcd3f69340 "\377\377\377\377", 
          0x7f3cd642d530 "0\241L\326<\177", 
          0x2d <error: Cannot access memory at address 0x2d>, 
          0x7f3c00000000 <error: Cannot access memory at address 0x7f3c00000000>, 0x1 <error: Cannot access memory at address 0x1>, 0x0, 
          0x1 <error: Cannot access memory at address 0x1>, 
          0x7f3cd64ca488 "\350\243L\326<\177", 0x7ffcd3f693e0 "", 
          0x7f3cd642d710 "\202\217@", 0x0, 0x7f3cd64ca130 "", 
          0x7ffcd3f69408 "\b4\206\323<\177", 
          0x7f3cd62aef0f <_dl_lookup_symbol_x+335> "H\203\304\060\203", <incomplete sequence \370>, 0x12 <error: Cannot access memory at address 0x12>, 
          0x7f3cd642d710 "\202\217@", 
          0x1 <error: Cannot access memory at address 0x1>, 0x0, 
          0x1 <error: Cannot access memory at address 0x1>, 0x7f3cd64ca130 "", 
          0x7f3cceb14b68 "#\017", 0x7f3cd642e500 "", 0x1958ac0 "", 0x0, 
          0x7f3cd64ca488 "\350\243L\326<\177", 
          0x7ffcd3f69350 "\b4\206\323<\177", 
          0x1d3fcc1a8 <error: Cannot access memory at address 0x1d3fcc1a8>, 
          0x7ffcd3f69340 "\377\377\377\377", 
          0xf63d4e2e <error: Cannot access memory at address 0xf63d4e2e>, 
          0x40707b "__libc_start_main", 
          0xffffffff <error: Cannot access memory at address 0xffffffff>, 
          0x7ffcd3f69600 "\365\261\366\323\374\177", 0x7f3cd3863408 "\255(", 
          0x7f3cd6436000 "", 0x2 <error: Cannot access memory at address 0x2>, 
          0x7f3cd62b39a6 <_dl_fixup+214> "I\211\300d\213\004%\030", 
          0x1 <error: Cannot access memory at address 0x1>, 0x0, 
          0x2 <error: Cannot access memory at address 0x2>, 
          0x7f3cd385b9e0 "\331\027", 0x7ffcd3f69530 "", 
          0x7f3cd62baa03 <_dl_runtime_resolve_avx+179> "I\211\303f\017\032\234$0\001", 0x0, 0x0, 0x0, 
          0x63f8d0 <__libc_start_main@got.plt> "\240\066\207\323<\177", 
          0x40d070 <_start> "1\355I\211\321^H\211\342H\203\344\360PTI\307\300\200%C", 0x7ffcd3f695e0 "\002", 0x0, 0x0, 0x0, 
          0x7f3cd62b39a6 <_dl_fixup+214> "I\211\300d\213\004%\030", 
          0x1 <error: Cannot access memory at address 0x1>, 0x0, 
          0xff000000000000 <error: Cannot access memory at address 0xff000000000000>, 0x7f3cd3863408 "\255(", 0x7ffcd3f695b0 "p\320@", 
          0x7f3cd62baa03 <_dl_runtime_resolve_avx+179> "I\211\303f\017\032\234$0\001", 
          0x4000000000000000 <error: Cannot access memory at address 0x4000000000000000>, 0x0, 0x0, 0x0, 
          0x2f2f2f2f2f2f2f2f <error: Cannot access memory at address 0x2f2f2f2f2f2f2f2f>, 
          0x2f2f2f2f2f2f2f2f <error: Cannot access memory at address 0x2f2f2f2f2f2f2f2f>, 0x0, 0x0, 0x0, 0x0, 0x0, 0x0, 
          0xff000000000000 <error: Cannot access memory at address 0xff000000000000>, 0x0, 0x0, 0x0, 
          0x5f5f00656d697474 <error: Cannot access memory at address 0x5f5f00656d697474>, 
          0x7465675f6f736476 <error: Cannot access memory at address 0x7465675f6f736476>, 0x0, 0x0}
        i = <optimized out>
        nPlugin = 46
        disableSm = <optimized out>
        clientId = 0x0
        refreshRateArg = <optimized out>


#0  0x00007f3cd390a17a in __GI___waitpid (pid=29627, 
    stat_loc=stat_loc@entry=0x7ffcd3f67ba0, options=options@entry=0)
    at ../sysdeps/unix/sysv/linux/waitpid.c:29
#1  0x00007f3cd389210b in do_system (line=<optimized out>)
    at ../sysdeps/posix/system.c:148
#2  0x00007f3cc5a7a6e8 in crash_handler (sig=<optimized out>)
    at crashhandler.c:58
#3  <signal handler called>
#4  0x00007f3cd5f9b118 in _XrmInternalStringToQuark ()
   from /usr/lib64/libX11.so.6
#5  0x00007f3cd5fd2667 in _XimInitialResourceInfo ()
   from /usr/lib64/libX11.so.6
#6  0x00007f3cd5fcdccd in _XimLocalOpenIM () from /usr/lib64/libX11.so.6
#7  0x00007f3cd5fcc630 in _XimOpenIM () from /usr/lib64/libX11.so.6
#8  0x00007f3cc1a5050e in scalefilterInitDisplay (p=<optimized out>, 
    d=0x652d90) at scalefilter.c:764
#9  0x00007f3cc1a50e72 in scalefilterOptionsInitObjectWrapper (p=0x2406500, 
    o=0x652d90) at scalefilter_options.c:490
#10 0x000000000042b097 in initObjectTree (object=0x652d90, 
    closure=<optimized out>) at plugin.c:381
#11 0x000000000040f241 in forEachDisplayObject (parent=<optimized out>, 
    proc=0x42b060 <initObjectTree>, closure=0x7ffcd3f68a20) at display.c:127
#12 0x000000000042b232 in initObjectsWithType (type=1, parent=0x63ff80 <core>, 
    closure=<optimized out>) at plugin.c:339
#13 0x000000000040d7e0 in compObjectForEachType (
    parent=parent@entry=0x63ff80 <core>, 
    proc=proc@entry=0x42b1f0 <initObjectsWithType>, 
    closure=closure@entry=0x7ffcd3f68a90) at object.c:123
#14 0x000000000042b0bd in initObjectTree (object=0x63ff80 <core>, 
    closure=closure@entry=0x7ffcd3f68ad0) at plugin.c:393
#15 0x000000000042b8e7 in initPlugin (p=0x2406500) at plugin.c:456
#16 pushPlugin (p=p@entry=0x2406500) at plugin.c:613
#17 0x0000000000410a04 in updatePlugins (d=0x652d90) at display.c:853
#18 eventLoop () at display.c:1440
#19 0x000000000040ce8a in main (argc=2, argv=<optimized out>) at main.c:562
A debugging session is active.

	Inferior 1 [process 29507] will be detached.

Quit anyway? (y or n) [answered Y; input not from terminal]
Detaching from program: /usr/bin/compiz, process 29507

[CRASH_HANDLER]: "/tmp/compiz_crash-29507.out" created!

compiz (snow) - Info: Loaded Texture snow/snowflake.png
Reading symbols from compiz...Reading symbols from /usr/lib64/debug//usr/bin/compiz.debug...done.
done.
Attaching to program: /usr/bin/compiz, process 30046
Reading symbols from /usr/lib64/libX11.so.6...(no debugging symbols found)...done.
Reading symbols from /usr/lib64/libXcomposite.so.1...(no debugging symbols found)...done.
Reading symbols from /usr/lib64/libXext.so.6...(no debugging symbols found)...done.
Reading symbols from /usr/lib64/libXdamage.so.1...(no debugging symbols found)...done.
Reading symbols from /usr/lib64/libXfixes.so.3...(no debugging symbols found)...done.
Reading symbols from /usr/lib64/libXrandr.so.2...(no debugging symbols found)...done.
Reading symbols from /usr/lib64/libXi.so.6...(no debugging symbols found)...done.
Reading symbols from /usr/lib64/libXinerama.so.1...(no debugging symbols found)...done.
Reading symbols from /usr/lib64/libXcursor.so.1...(no debugging symbols found)...done.
Reading symbols from /usr/lib64/libICE.so.6...(no debugging symbols found)...done.
Reading symbols from /usr/lib64/libSM.so.6...(no debugging symbols found)...done.
Reading symbols from /usr/lib64/libxml2.so.2...(no debugging symbols found)...done.
Reading symbols from /usr/lib64/libstartup-notification-1.so.0...(no debugging symbols found)...done.
Reading symbols from /usr/lib64/libGL.so.1...(no debugging symbols found)...done.
Reading symbols from /lib64/libm.so.6...Reading symbols from /usr/lib64/debug//lib64/libm-2.23.so.debug...done.
done.
Reading symbols from /lib64/libdl.so.2...Reading symbols from /usr/lib64/debug//lib64/libdl-2.23.so.debug...done.
done.
Reading symbols from /lib64/libpthread.so.0...Reading symbols from /usr/lib64/debug//lib64/libpthread-2.23.so.debug...done.
done.
[Thread debugging using libthread_db enabled]
Using host libthread_db library "/lib64/libthread_db.so.1".
Reading symbols from /lib64/libc.so.6...Reading symbols from /usr/lib64/debug//lib64/libc-2.23.so.debug...done.
done.
Reading symbols from /usr/lib64/libxcb.so.1...(no debugging symbols found)...done.
Reading symbols from /usr/lib64/libXrender.so.1...(no debugging symbols found)...done.
Reading symbols from /usr/lib64/libbsd.so.0...(no debugging symbols found)...done.
Reading symbols from /lib64/libuuid.so.1...(no debugging symbols found)...done.
Reading symbols from /usr/lib64/libicuuc.so.58...(no debugging symbols found)...done.
Reading symbols from /lib64/libz.so.1...(no debugging symbols found)...done.
Reading symbols from /lib64/liblzma.so.5...(no debugging symbols found)...done.
Reading symbols from /usr/lib64/libxcb-util.so.1...(no debugging symbols found)...done.
Reading symbols from /usr/lib64/libX11-xcb.so.1...(no debugging symbols found)...done.
Reading symbols from /usr/lib64/libexpat.so.1...(no debugging symbols found)...done.
Reading symbols from /usr/lib64/libxcb-dri3.so.0...(no debugging symbols found)...done.
Reading symbols from /usr/lib64/libxcb-present.so.0...(no debugging symbols found)...done.
Reading symbols from /usr/lib64/libxcb-sync.so.1...(no debugging symbols found)...done.
Reading symbols from /usr/lib64/libxshmfence.so.1...(no debugging symbols found)...done.
Reading symbols from /usr/lib64/libglapi.so.0...(no debugging symbols found)...done.
Reading symbols from /usr/lib64/libxcb-glx.so.0...(no debugging symbols found)...done.
Reading symbols from /usr/lib64/libxcb-dri2.so.0...(no debugging symbols found)...done.
Reading symbols from /usr/lib64/libXxf86vm.so.1...(no debugging symbols found)...done.
Reading symbols from /usr/lib64/libdrm.so.2...(no debugging symbols found)...done.
Reading symbols from /lib64/ld-linux-x86-64.so.2...Reading symbols from /usr/lib64/debug//lib64/ld-2.23.so.debug...done.
done.
Reading symbols from /usr/lib64/libXau.so.6...(no debugging symbols found)...done.
Reading symbols from /usr/lib64/libXdmcp.so.6...(no debugging symbols found)...done.
Reading symbols from /lib64/librt.so.1...Reading symbols from /usr/lib64/debug//lib64/librt-2.23.so.debug...done.
done.
Reading symbols from /usr/lib64/libicudata.so.58...(no debugging symbols found)...done.
Reading symbols from /usr/lib/gcc/x86_64-pc-linux-gnu/4.9.4/libstdc++.so.6...(no debugging symbols found)...done.
Reading symbols from /usr/lib/gcc/x86_64-pc-linux-gnu/4.9.4/libgcc_s.so.1...(no debugging symbols found)...done.
Reading symbols from /usr/lib64/dri/i965_dri.so...(no debugging symbols found)...done.
Reading symbols from /usr/lib64/libnettle.so.6...(no debugging symbols found)...done.
Reading symbols from /usr/lib64/libdrm_intel.so.1...(no debugging symbols found)...done.
Reading symbols from /usr/lib64/libdrm_nouveau.so.2...(no debugging symbols found)...done.
Reading symbols from /usr/lib64/libpciaccess.so.0...(no debugging symbols found)...done.
Reading symbols from /usr/lib64/libtxc_dxtn.so...(no debugging symbols found)...done.
Reading symbols from /usr/lib64/compiz/libccp.so...Reading symbols from /usr/lib64/debug//usr/lib64/compiz/libccp.so.debug...done.
done.
Reading symbols from /usr/lib64/libcompizconfig.so.0...Reading symbols from /usr/lib64/debug//usr/lib64/libcompizconfig.so.0.0.0.debug...done.
done.
Reading symbols from /usr/lib64/compizconfig/backends/libini.so...Reading symbols from /usr/lib64/debug//usr/lib64/compizconfig/backends/libini.so.debug...done.
done.
Reading symbols from /usr/lib64/compiz/libmove.so...Reading symbols from /usr/lib64/debug//usr/lib64/compiz/libmove.so.debug...done.
done.
Reading symbols from /usr/lib64/compiz/libresize.so...Reading symbols from /usr/lib64/debug//usr/lib64/compiz/libresize.so.debug...done.
done.
Reading symbols from /usr/lib64/compiz/libplace.so...Reading symbols from /usr/lib64/debug//usr/lib64/compiz/libplace.so.debug...done.
done.
Reading symbols from /usr/lib64/compiz/libdecoration.so...Reading symbols from /usr/lib64/debug//usr/lib64/compiz/libdecoration.so.debug...done.
done.
Reading symbols from /usr/lib64/libdecoration.so.0...Reading symbols from /usr/lib64/debug//usr/lib64/libdecoration.so.0.0.0.debug...done.
done.
Reading symbols from /usr/lib64/compiz/libcommands.so...Reading symbols from /usr/lib64/debug//usr/lib64/compiz/libcommands.so.debug...done.
done.
Reading symbols from /usr/lib64/compiz/libtext.so...Reading symbols from /usr/lib64/debug//usr/lib64/compiz/libtext.so.debug...done.
done.
Reading symbols from /usr/lib64/libpangocairo-1.0.so.0...Reading symbols from /usr/lib64/debug//usr/lib64/libpangocairo-1.0.so.0.4000.3.debug...done.
done.
Reading symbols from /usr/lib64/libpango-1.0.so.0...Reading symbols from /usr/lib64/debug//usr/lib64/libpango-1.0.so.0.4000.3.debug...done.
done.
Reading symbols from /usr/lib64/libgobject-2.0.so.0...(no debugging symbols found)...done.
Reading symbols from /usr/lib64/libcairo.so.2...Reading symbols from /usr/lib64/debug//usr/lib64/libcairo.so.2.11400.6.debug...done.
done.
Reading symbols from /usr/lib64/libpangoft2-1.0.so.0...Reading symbols from /usr/lib64/debug//usr/lib64/libpangoft2-1.0.so.0.4000.3.debug...done.
done.
Reading symbols from /usr/lib64/libglib-2.0.so.0...(no debugging symbols found)...done.
Reading symbols from /usr/lib64/libfontconfig.so.1...(no debugging symbols found)...done.
Reading symbols from /usr/lib64/libfreetype.so.6...(no debugging symbols found)...done.
Reading symbols from /usr/lib64/libffi.so.6...(no debugging symbols found)...done.
Reading symbols from /usr/lib64/libpixman-1.so.0...(no debugging symbols found)...done.
Reading symbols from /usr/lib64/libEGL.so.1...(no debugging symbols found)...done.
Reading symbols from /usr/lib64/libpng16.so.16...(no debugging symbols found)...done.
Reading symbols from /usr/lib64/libxcb-shm.so.0...(no debugging symbols found)...done.
Reading symbols from /usr/lib64/libxcb-render.so.0...(no debugging symbols found)...done.
Reading symbols from /usr/lib64/libharfbuzz.so.0...(no debugging symbols found)...done.
Reading symbols from /lib64/libpcre.so.1...(no debugging symbols found)...done.
Reading symbols from /lib64/libbz2.so.1...(no debugging symbols found)...done.
Reading symbols from /usr/lib64/libxcb-xfixes.so.0...(no debugging symbols found)...done.
Reading symbols from /usr/lib64/libgbm.so.1...(no debugging symbols found)...done.
Reading symbols from /usr/lib64/libwayland-client.so.0...(no debugging symbols found)...done.
Reading symbols from /usr/lib64/libwayland-server.so.0...(no debugging symbols found)...done.
Reading symbols from /usr/lib64/libgraphite2.so.3...(no debugging symbols found)...done.
Reading symbols from /usr/lib64/compiz/libwinrules.so...Reading symbols from /usr/lib64/debug//usr/lib64/compiz/libwinrules.so.debug...done.
done.
Reading symbols from /usr/lib64/compiz/libannotate.so...Reading symbols from /usr/lib64/debug//usr/lib64/compiz/libannotate.so.debug...done.
done.
Reading symbols from /usr/lib64/compiz/libmousepoll.so...Reading symbols from /usr/lib64/debug//usr/lib64/compiz/libmousepoll.so.debug...done.
done.
Reading symbols from /usr/lib64/compiz/libdbus.so...Reading symbols from /usr/lib64/debug//usr/lib64/compiz/libdbus.so.debug...done.
done.
Reading symbols from /usr/lib64/libdbus-1.so.3...(no debugging symbols found)...done.
Reading symbols from /usr/lib64/libsystemd.so.0...(no debugging symbols found)...done.
Reading symbols from /usr/lib64/liblz4.so.1...(no debugging symbols found)...done.
Reading symbols from /lib64/libcap.so.2...(no debugging symbols found)...done.
Reading symbols from /lib64/libattr.so.1...(no debugging symbols found)...done.
Reading symbols from /usr/lib64/compiz/libmag.so...Reading symbols from /usr/lib64/debug//usr/lib64/compiz/libmag.so.debug...done.
done.
Reading symbols from /usr/lib64/compiz/libwizard.so...Reading symbols from /usr/lib64/debug//usr/lib64/compiz/libwizard.so.debug...done.
done.
Reading symbols from /usr/lib64/compiz/libshowdesktop.so...Reading symbols from /usr/lib64/debug//usr/lib64/compiz/libshowdesktop.so.debug...done.
done.
Reading symbols from /usr/lib64/compiz/libextrawm.so...Reading symbols from /usr/lib64/debug//usr/lib64/compiz/libextrawm.so.debug...done.
done.
Reading symbols from /usr/lib64/compiz/libdialog.so...Reading symbols from /usr/lib64/debug//usr/lib64/compiz/libdialog.so.debug...done.
done.
Reading symbols from /usr/lib64/compiz/libblur.so...Reading symbols from /usr/lib64/debug//usr/lib64/compiz/libblur.so.debug...done.
done.
Reading symbols from /usr/lib64/libGLU.so.1...(no debugging symbols found)...done.
Reading symbols from /usr/lib64/compiz/libcrashhandler.so...Reading symbols from /usr/lib64/debug//usr/lib64/compiz/libcrashhandler.so.debug...done.
done.
Reading symbols from /usr/lib64/compiz/libcolorfilter.so...Reading symbols from /usr/lib64/debug//usr/lib64/compiz/libcolorfilter.so.debug...done.
done.
Reading symbols from /usr/lib64/compiz/libnotification.so...Reading symbols from /usr/lib64/debug//usr/lib64/compiz/libnotification.so.debug...done.
done.
Reading symbols from /usr/lib64/libnotify.so.4...(no debugging symbols found)...done.
Reading symbols from /usr/lib64/libgdk_pixbuf-2.0.so.0...(no debugging symbols found)...done.
Reading symbols from /usr/lib64/libgio-2.0.so.0...(no debugging symbols found)...done.
Reading symbols from /usr/lib64/libgmodule-2.0.so.0...(no debugging symbols found)...done.
Reading symbols from /lib64/libresolv.so.2...Reading symbols from /usr/lib64/debug//lib64/libresolv-2.23.so.debug...done.
done.
Reading symbols from /usr/lib64/compiz/libsvg.so...Reading symbols from /usr/lib64/debug//usr/lib64/compiz/libsvg.so.debug...done.
done.
Reading symbols from /usr/lib64/librsvg-2.so.2...(no debugging symbols found)...done.
Reading symbols from /usr/lib64/libcroco-0.6.so.3...(no debugging symbols found)...done.
Reading symbols from /usr/lib64/compiz/libtitleinfo.so...Reading symbols from /usr/lib64/debug//usr/lib64/compiz/libtitleinfo.so.debug...done.
done.
Reading symbols from /usr/lib64/compiz/libregex.so...Reading symbols from /usr/lib64/debug//usr/lib64/compiz/libregex.so.debug...done.
done.
Reading symbols from /usr/lib64/compiz/libneg.so...Reading symbols from /usr/lib64/debug//usr/lib64/compiz/libneg.so.debug...done.
done.
Reading symbols from /usr/lib64/compiz/libanimation.so...Reading symbols from /usr/lib64/debug//usr/lib64/compiz/libanimation.so.debug...done.
done.
Reading symbols from /usr/lib64/compiz/libpng.so...Rea29	../sysdeps/unix/sysv/linux/waitpid.c: No such file or directory.
ding symbols from /usr/lib64/debug//usr/lib64/compiz/libpng.so.debug...done.
done.
Reading symbols from /usr/lib64/compiz/libgrid.so...Reading symbols from /usr/lib64/debug//usr/lib64/compiz/libgrid.so.debug...done.
done.
Reading symbols from /usr/lib64/compiz/libshift.so...Reading symbols from /usr/lib64/debug//usr/lib64/compiz/libshift.so.debug...done.
done.
Reading symbols from /usr/lib64/compiz/libtoggledeco.so...Reading symbols from /usr/lib64/debug//usr/lib64/compiz/libtoggledeco.so.debug...done.
done.
Reading symbols from /usr/lib64/compiz/libsnow.so...Reading symbols from /usr/lib64/debug//usr/lib64/compiz/libsnow.so.debug...done.
done.
Reading symbols from /usr/lib64/compiz/libwall.so...Reading symbols from /usr/lib64/debug//usr/lib64/compiz/libwall.so.debug...done.
done.
Reading symbols from /usr/lib64/compiz/libresizeinfo.so...Reading symbols from /usr/lib64/debug//usr/lib64/compiz/libresizeinfo.so.debug...done.
done.
Reading symbols from /usr/lib64/compiz/libobs.so...Reading symbols from /usr/lib64/debug//usr/lib64/compiz/libobs.so.debug...done.
done.
Reading symbols from /usr/lib64/compiz/libanimationsim.so...Reading symbols from /usr/lib64/debug//usr/lib64/compiz/libanimationsim.so.debug...done.
done.
Reading symbols from /usr/lib64/compiz/libfade.so...Reading symbols from /usr/lib64/debug//usr/lib64/compiz/libfade.so.debug...done.
done.
Reading symbols from /usr/lib64/compiz/libscale.so...Reading symbols from /usr/lib64/debug//usr/lib64/compiz/libscale.so.debug...done.
done.
Reading symbols from /usr/lib64/compiz/libanimationaddon.so...Reading symbols from /usr/lib64/debug//usr/lib64/compiz/libanimationaddon.so.debug...done.
done.
Reading symbols from /usr/lib64/compiz/libexpo.so...Reading symbols from /usr/lib64/debug//usr/lib64/compiz/libexpo.so.debug...done.
done.
Reading symbols from /usr/lib64/compiz/libezoom.so...Reading symbols from /usr/lib64/debug//usr/lib64/compiz/libezoom.so.debug...done.
done.
Reading symbols from /usr/lib64/compiz/libstaticswitcher.so...Reading symbols from /usr/lib64/debug//usr/lib64/compiz/libstaticswitcher.so.debug...done.
done.
Reading symbols from /usr/lib64/compiz/libscalefilter.so...Reading symbols from /usr/lib64/debug//usr/lib64/compiz/libscalefilter.so.debug...done.
done.
Reading symbols from /usr/lib64/compiz/libscaleaddon.so...Reading symbols from /usr/lib64/debug//usr/lib64/compiz/libscaleaddon.so.debug...done.
done.
Reading symbols from /usr/lib64/compiz/libopacify.so...Reading symbols from /usr/lib64/debug//usr/lib64/compiz/libopacify.so.debug...done.
done.
Reading symbols from /usr/lib64/compiz/libgroup.so...Reading symbols from /usr/lib64/debug//usr/lib64/compiz/libgroup.so.debug...done.
done.
Reading symbols from /usr/lib64/compiz/libkdecompat.so...Reading symbols from /usr/lib64/debug//usr/lib64/compiz/libkdecompat.so.debug...done.
done.
0x00007fabde94c17a in __GI___waitpid (pid=30120, 
    stat_loc=stat_loc@entry=0x7ffe8907a0a0, options=options@entry=0)
    at ../sysdeps/unix/sysv/linux/waitpid.c:29
(gdb) 
Thread 1 (Thread 0x7fabe146a7c0 (LWP 30046)):
#0  0x00007fabde94c17a in __GI___waitpid (pid=30120, 
    stat_loc=stat_loc@entry=0x7ffe8907a0a0, options=options@entry=0)
    at ../sysdeps/unix/sysv/linux/waitpid.c:29
        resultvar = 18446744073709551104
#1  0x00007fabde8d410b in do_system (line=<optimized out>)
    at ../sysdeps/posix/system.c:148
        __result = <optimized out>
        _buffer = {__routine = 0x7fabde8d4400 <cancel_handler>, 
          __arg = 0x7ffe8907a07c, __canceltype = 0, __prev = 0x0}
        _avail = 1
        status = 0
        save = <optimized out>
        pid = 30120
        sa = {__sigaction_handler = {sa_handler = 0x1, sa_sigaction = 0x1}, 
          sa_mask = {__val = {65536, 0 <repeats 15 times>}}, sa_flags = 0, 
          sa_restorer = 0x111}
        omask = {__val = {1024, 280375465082880, 0, 0, 4278190080, 255, 0, 0, 
            0, 0, 0, 0, 0, 0, 0, 0}}
#2  0x00007fabd0abc6e8 in crash_handler (sig=<optimized out>)
    at crashhandler.c:58
        count = 1
#3  <signal handler called>
No locals.
#4  0x00007fabcc0ba641 in kdecompatDonePaintScreen (s=0xc65620)
    at kdecompat.c:292
        ks = <optimized out>
#5  0x0000000000423af8 in handleWindowDamageRect (w=w@entry=0xc65620, 
    x=<optimized out>, y=<optimized out>, width=<optimized out>, 
    height=<optimized out>) at event.c:64
        region = {size = 0, numRects = 3432049341463491840, rects = 0xc65620, 
          extents = {x1 = 0, x2 = 1, y1 = 0, y2 = 1}}
        initial = 0
#6  0x0000000000423cf6 in handleWindowDamageRect (height=<optimized out>, 
    width=<optimized out>, y=<optimized out>, x=<optimized out>, w=0xc65620)
    at event.c:50
        initial = 0
#7  handleSyncAlarm (w=0xc65620) at event.c:106
        rects = <optimized out>
        nDamage = <optimized out>
        w = 0xc65620
#8  0x000000000042549c in handleEvent (d=0x652d90, event=0x7ffe8907c0d0)
    at event.c:2412
        sa = 0x7ffe8907c0d0
        s = <optimized out>
        w = <optimized out>
#9  0x00007fabd6aabfe4 in moveHandleEvent (d=0x652d90, event=0x7ffe8907c0d0)
    at move.c:839
        s = <optimized out>
        md = 0xcb3640
#10 0x00007fabd68a696f in resizeHandleEvent (d=0x652d90, event=0x7ffe8907c0d0)
    at resize.c:1286
        s = <optimized out>
        rd = 0xcb63b0
#11 0x00007fabd669e004 in placeHandleEvent (d=0x652d90, event=0x7ffe8907c0d0)
    at place.c:2018
        pd = 0xdd0600
#12 0x00007fabd64985a3 in decorHandleEvent (d=0x652d90, event=0x7ffe8907c0d0)
    at decoration.c:1530
        activeWindow = 0
        w = <optimized out>
        dd = 0xfbc100
#13 0x00007fabd2a03678 in winrulesHandleEvent (d=0x652d90, 
    event=0x7ffe8907c0d0) at winrules.c:561
        w = <optimized out>
        wd = 0xe8bd10
#14 0x00007fabd27fde68 in annoHandleEvent (d=0x652d90, event=0x7ffe8907c0d0)
    at annotate.c:1129
        s = <optimized out>
        ad = 0x12cd7f0
#15 0x00007fabd155a5bf in showdesktopHandleEvent (d=0x652d90, 
    event=0x7ffe8907c0d0) at showdesktop.c:632
        sd = 0x1577510
#16 0x00007fabd13549c7 in extraWMHandleEvent (d=0x652d90, event=0x7ffe8907c0d0)
    at extrawm.c:388
        ed = 0xe80460
#17 0x00007fabd114f1e7 in dialogHandleEvent (d=0x652d90, event=0x7ffe8907c0d0)
    at dialog.c:227
        dd = 0x15c3350
#18 0x00007fabd0f45984 in blurHandleEvent (d=0x652d90, event=0x7ffe8907c0d0)
    at blur.c:2556
        activeWindow = 0
        bd = 0x150f350
#19 0x00007fabcf265fb7 in titleinfoHandleEvent (d=0x652d90, 
    event=0x7ffe8907c0d0) at titleinfo.c:281
        td = 0x177e0f0
#20 0x00007fabcf06193b in regexHandleEvent (d=0x652d90, event=0x7ffe8907c0d0)
    at regex.c:305
        rd = 0x1778e60
#21 0x00007fabcec4ce74 in animHandleEvent (d=<optimized out>, 
    event=<optimized out>) at animation.c:4012
        w = <optimized out>
        ad = <optimized out>
#22 0x00007fabce83475c in gridHandleEvent (d=0x652d90, event=0x7ffe8907c0d0)
    at grid.c:532
        where = <optimized out>
        gd = 0x1e51180
#23 0x00007fabce626153 in shiftHandleEvent (d=0x652d90, event=0x7ffe8907c0d0)
    at shift.c:2146
        sd = 0x1dd1260
        s = <optimized out>
        w = 0x0
#24 0x00007fabcdf05175 in wallHandleEvent (d=0x652d90, event=0x7ffe8907c0d0)
    at wall.c:684
        wd = 0x1d383e0
#25 0x00007fabcdcf799a in infoHandleEvent (d=0x652d90, event=0x7ffe8907c0d0)
    at resizeinfo.c:577
        id = 0x1f80810
#26 0x00007fabcd6e36d4 in fadeHandleEvent (d=0x652d90, event=0x7ffe8907c0d0)
    at fade.c:622
        w = <optimized out>
        fd = 0x20dce20
#27 0x00007fabcd4de127 in scaleHandleEvent (d=0x652d90, event=0x7ffe8907c0d0)
    at scale.c:1851
        s = <optimized out>
        consumeEvent = 0
        w = 0x0
        sd = 0x212bfb0
#28 0x00007fabcd0b97a0 in expoHandleEvent (d=0x652d90, event=0x7ffe8907c0d0)
    at expo.c:604
        ed = 0x2774170
        s = <optimized out>
#29 0x00007fabcceae8b9 in zoomHandleEvent (d=0x652d90, event=0x7ffe8907c0d0)
    at ezoom.c:2161
        s = <optimized out>
        mev = <optimized out>
        zd = 0x26cbee0
#30 0x00007fabccca089d in switchHandleEvent (d=0x652d90, event=0x7ffe8907c0d0)
    at staticswitcher.c:1299
        s = <optimized out>
        w = 0x0
        sd = 0x2775290
#31 0x00007fabcca92957 in scalefilterHandleEvent (d=0x652d90, 
    event=0x7ffe8907c0d0) at scalefilter.c:586
        s = <optimized out>
        grabIndex = 0
        dropEvent = 0
        fd = 0x26e8c50
#32 0x00007fabcc6f0ddb in scaleaddonHandleEvent (d=0x652d90, 
    event=0x7ffe8907c0d0) at scaleaddon.c:509
        ad = 0x29bb260
#33 0x00007fabcc4e7ada in opacifyHandleEvent (d=0x652d90, event=0x7ffe8907c0d0)
    at opacify.c:372
        s = <optimized out>
        od = 0x2a159e0
#34 0x00007fabcc2cd803 in groupHandleEvent (d=<optimized out>, 
    event=<optimized out>) at group.c:1550
        w = <optimized out>
        s = <optimized out>
        gd = <optimized out>
#35 0x00007fabcc0bb828 in kdecompatHandleEvent (d=0x652d90, 
    event=0x7ffe8907c0d0) at kdecompat.c:907
        w = <optimized out>
        kd = 0x2ac1fa0
#36 0x000000000040fec3 in eventLoop () at display.c:1486
        event = {type = 84, xany = {type = 84, serial = 3818, send_event = 0, 
            display = 0x653fc0, window = 90177723}, xkey = {type = 84, 
            serial = 3818, send_event = 0, display = 0x653fc0, 
            window = 90177723, root = 7749363896799985664, 
            subwindow = 7749363896799985664, time = 18615597, x = 0, y = 0, 
            x_root = 0, y_root = 0, state = 0, keycode = 0, same_screen = 0}, 
          xbutton = {type = 84, serial = 3818, send_event = 0, 
            display = 0x653fc0, window = 90177723, root = 7749363896799985664, 
            subwindow = 7749363896799985664, time = 18615597, x = 0, y = 0, 
            x_root = 0, y_root = 0, state = 0, button = 0, same_screen = 0}, 
          xmotion = {type = 84, serial = 3818, send_event = 0, 
            display = 0x653fc0, window = 90177723, root = 7749363896799985664, 
            subwindow = 7749363896799985664, time = 18615597, x = 0, y = 0, 
            x_root = 0, y_root = 0, state = 0, is_hint = 0 '\000', 
            same_screen = 0}, xcrossing = {type = 84, serial = 3818, 
            send_event = 0, display = 0x653fc0, window = 90177723, 
            root = 7749363896799985664, subwindow = 7749363896799985664, 
            time = 18615597, x = 0, y = 0, x_root = 0, y_root = 0, mode = 0, 
            detail = 0, same_screen = 0, focus = 0, state = 0}, xfocus = {
            type = 84, serial = 3818, send_event = 0, display = 0x653fc0, 
            window = 90177723, mode = 0, detail = 1804289384}, xexpose = {
            type = 84, serial = 3818, send_event = 0, display = 0x653fc0, 
            window = 90177723, x = 0, y = 1804289384, width = 0, 
            height = 1804289384, count = 18615597}, xgraphicsexpose = {
            type = 84, serial = 3818, send_event = 0, display = 0x653fc0, 
            drawable = 90177723, x = 0, y = 1804289384, width = 0, 
            height = 1804289384, count = 18615597, major_code = 0, 
            minor_code = 0}, xnoexpose = {type = 84, serial = 3818, 
            send_event = 0, display = 0x653fc0, drawable = 90177723, 
            major_code = 0, minor_code = 1804289384}, xvisibility = {
            type = 84, serial = 3818, send_event = 0, display = 0x653fc0, 
            window = 90177723, state = 0}, xcreatewindow = {type = 84, 
            serial = 3818, send_event = 0, display = 0x653fc0, 
            parent = 90177723, window = 7749363896799985664, x = 0, 
            y = 1804289384, width = 18615597, height = 0, border_width = 0, 
            override_redirect = 0}, xdestroywindow = {type = 84, 
            serial = 3818, send_event = 0, display = 0x653fc0, 
            event = 90177723, window = 7749363896799985664}, xunmap = {
            type = 84, serial = 3818, send_event = 0, display = 0x653fc0, 
            event = 90177723, window = 7749363896799985664, 
            from_configure = 0}, xmap = {type = 84, serial = 3818, 
            send_event = 0, display = 0x653fc0, event = 90177723, 
            window = 7749363896799985664, override_redirect = 0}, 
          xmaprequest = {type = 84, serial = 3818, send_event = 0, 
            display = 0x653fc0, parent = 90177723, 
            window = 7749363896799985664}, xreparent = {type = 84, 
            serial = 3818, send_event = 0, display = 0x653fc0, 
            event = 90177723, window = 7749363896799985664, 
            parent = 7749363896799985664, x = 18615597, y = 0, 
            override_redirect = 0}, xconfigure = {type = 84, serial = 3818, 
            send_event = 0, display = 0x653fc0, event = 90177723, 
            window = 7749363896799985664, x = 0, y = 1804289384, 
            width = 18615597, height = 0, border_width = 0, above = 0, 
            override_redirect = 0}, xgravity = {type = 84, serial = 3818, 
            send_event = 0, display = 0x653fc0, event = 90177723, 
            window = 7749363896799985664, x = 0, y = 1804289384}, 
          xresizerequest = {type = 84, serial = 3818, send_event = 0, 
            display = 0x653fc0, window = 90177723, width = 0, 
            height = 1804289384}, xconfigurerequest = {type = 84, 
            serial = 3818, send_event = 0, display = 0x653fc0, 
            parent = 90177723, window = 7749363896799985664, x = 0, 
            y = 1804289384, width = 18615597, height = 0, border_width = 0, 
            above = 0, detail = 0, value_mask = 0}, xcirculate = {type = 84, 
            serial = 3818, send_event = 0, display = 0x653fc0, 
            event = 90177723, window = 7749363896799985664, place = 0}, 
          xcirculaterequest = {type = 84, serial = 3818, send_event = 0, 
            display = 0x653fc0, parent = 90177723, 
            window = 7749363896799985664, place = 0}, xproperty = {type = 84, 
            serial = 3818, send_event = 0, display = 0x653fc0, 
            window = 90177723, atom = 7749363896799985664, 
            time = 7749363896799985664, state = 18615597}, xselectionclear = {
            type = 84, serial = 3818, send_event = 0, display = 0x653fc0, 
            window = 90177723, selection = 7749363896799985664, 
            time = 7749363896799985664}, xselectionrequest = {type = 84, 
            serial = 3818, send_event = 0, display = 0x653fc0, 
            owner = 90177723, requestor = 7749363896799985664, 
            selection = 7749363896799985664, target = 18615597, property = 0, 
            time = 0}, xselection = {type = 84, serial = 3818, send_event = 0, 
            display = 0x653fc0, requestor = 90177723, 
            selection = 7749363896799985664, target = 7749363896799985664, 
            property = 18615597, time = 0}, xcolormap = {type = 84, 
            serial = 3818, send_event = 0, display = 0x653fc0, 
            window = 90177723, colormap = 7749363896799985664, new = 0, 
            state = 1804289384}, xclient = {type = 84, serial = 3818, 
            send_event = 0, display = 0x653fc0, window = 90177723, 
            message_type = 7749363896799985664, format = 0, data = {
              b = "-\r\034\001", '\000' <repeats 15 times>, s = {3373, 284, 0, 
                0, 0, 0, 0, 0, 0, 0}, l = {18615597, 0, 0, 0, 0}}}, 
          xmapping = {type = 84, serial = 3818, send_event = 0, 
            display = 0x653fc0, window = 90177723, request = 0, 
            first_keycode = 1804289384, count = 0}, xerror = {type = 84, 
            display = 0xeea, resourceid = 0, serial = 6635456, 
            error_code = 187 '\273', request_code = 0 '\000', 
            minor_code = 96 '`'}, xkeymap = {type = 84, serial = 3818, 
            send_event = 0, display = 0x653fc0, window = 90177723, 
            key_vector = "\000\000\000\000hE\213k\000\000\000\000hE\213k-\r\034\001", '\000' <repeats 11 times>}, xgeneric = {type = 84, serial = 3818, 
            send_event = 0, display = 0x653fc0, extension = 90177723, 
            evtype = 0}, xcookie = {type = 84, serial = 3818, send_event = 0, 
            display = 0x653fc0, extension = 90177723, evtype = 0, cookie = 0, 
            data = 0x6b8b456800000000}, pad = {84, 3818, 0, 6635456, 90177723, 
            7749363896799985664, 7749363896799985664, 18615597, 
            0 <repeats 16 times>}}
        timeDiff = <optimized out>
        tv = {tv_sec = 0, tv_usec = 0}
        d = 0x652d90
        s = <optimized out>
        w = <optimized out>
        t = <optimized out>
        time = <optimized out>
        timeToNextRedraw = <optimized out>
        damageMask = <optimized out>
        mask = <optimized out>
#37 0x000000000040ce8a in main (argc=2, argv=<optimized out>) at main.c:562
        ctx = {offset = 3804, pluginData = 0x641010 "", 
          textureFilterData = 0x0, refreshRateData = 0x0}
        displayName = <optimized out>
        plugin = {0x4327cd "core", 0x4327d2 "ccp", 0x4327d6 "move", 
          0x4327db "resize", 0x432673 "place", 0x4327e2 "decoration", 
          0x4327ed "commands", 0x4327f6 "text", 0x4327fb "winrules", 
          0x432804 "annotate", 0x43280d "mousepoll", 0x432817 "dbus", 
          0x43281c "mag", 0x432820 "wizard", 0x432827 "showdesktop", 
          0x432833 "extrawm", 0x435271 "dialog", 0x43283b "blur", 
          0x432840 "crashhandler", 0x43284d "colorfilter", 
          0x432859 "notification", 0x432866 "svg", 0x43286a "titleinfo", 
          0x432874 "regex", 0x43287a "neg", 0x43287e "animation", 
          0x432888 "png", 0x43288c "grid", 0x432891 "shift", 
          0x432897 "toggledeco", 0x4328a2 "snow", 0x4328a7 "wall", 
          0x4328ac "resizeinfo", 0x4328b7 "obs", 0x4328bb "animationsim", 
          0x4328c8 "fade", 0x4328cd "scale", 0x4328d3 "animationaddon", 
          0x4328e2 "expo", 0x4328e7 "ezoom", 0x4328ed "staticswitcher", 
          0x4328fc "scalefilter", 0x432908 "scaleaddon", 0x432913 "opacify", 
          0x43291b "group", 0x432921 "kdecompat", 0x0 <repeats 67 times>, 
          0x7fabe12f024c <check_match+332> "\205\300\017\204{\377\377\377\351d\377\377\377\017\037\200", 0x0, 
          0xa6 <error: Cannot access memory at address 0xa6>, 
          0x7fabe1478000 "", 0x7fabde898d90 "", 0x7fabde8a5ff0 "", 
          0x7fabe12f0a6a <do_lookup_x+1994> "H\203\304\060H\205\300\017\205\250\002", 0xa6 <error: Cannot access memory at address 0xa6>, 0x7fabde8a5ff0 "", 
          0x7fabe1478000 "", 0x7ffe8907c698 "L\002/\341\253\177", 
          0x7ffe8907c694 "", 
          0x7fabe12f03fa <do_lookup_x+346> "\205\300\017\205\034\b", 
          0x7fabdec30fd5 "__libc_pthread_init", 
          0x7fabdec2f420 <incomplete sequence \315>, 
          0x7ffe8907c698 "L\002/\341\253\177", 
          0xb12fe117 <error: Cannot access memory at address 0xb12fe117>, 
          0x2c4bf84 "", 0x17 <error: Cannot access memory at address 0x17>, 
          0x7ffe8907c770 "\364\307\a\211\376\177", 0x7fabde8a5ff0 "", 
          0x7fabde898d90 "", 0x7ffe8907c694 "", 0x7ffe8907c760 "", 
          0x7fabe146f530 "0\301P\341\253\177", 
          0x2d <error: Cannot access memory at address 0x2d>, 0x0, 0x0, 
          0x7fabe12f024c <check_match+332> "\205\300\017\204{\377\377\377\351d\377\377\377\017\037\200", 0x0, 
          0x32e <error: Cannot access memory at address 0x32e>, 
          0x7fabe1478000 "", 0x7fabde898d90 "", 0x7fabde8a5ff0 "", 
          0x7fabe12f0a6a <do_lookup_x+1994> "H\203\304\060H\205\300\017\205\250\002", 0x32e <error: Cannot access memory at address 0x32e>, 0x7fabde8a5ff0 "", 
          0x7fabe1478000 "", 0x7ffe8907c778 "\372\003/\341\253\177", 
          0x7ffe8907c774 "\376\177", 
          0x7fabe12f03fa <do_lookup_x+346> "\205\300\017\205\034\b", 
          0x7fabd9b6ba72 "__cxa_atexit", 0x7fabd9b52068 "r3", 
          0x7ffe8907c778 "\372\003/\341\253\177", 
          0x7fabe12f024c <check_match+332> "\205\300\017\204{\377\377\377\351d\377\377\377\017\037\200", 0xad0fa7 "", 
          0x845 <error: Cannot access memory at address 0x845>, 
          0x7fabe1478000 "", 0x7fabde898d90 "", 0x7fabde8a5ff0 "", 
          0x7fabe12f0a6a <do_lookup_x+1994> "H\203\304\060H\205\300\017\205\250\002", 0x845 <error: Cannot access memory at address 0x845>, 0x7fabde8a5ff0 "", 
          0x7fabe1478000 "", 0x7ffe8907c7f8 "", 0x7ffe8907c7f4 "", 
          0x7fabe12f03fa <do_lookup_x+346> "\205\300\017\205\034\b", 
          0x40707b "__libc_start_main", 0x403378 "\023\022", 
          0x7ffe8907c7f8 "", 
          0xf63d4e2e <error: Cannot access memory at address 0xf63d4e2e>, 
          0x3d8f538 <error: Cannot access memory at address 0x3d8f538>, 
          0x7fab0000002e <error: Cannot access memory at address 0x7fab0000002e>, 0x7ffe8907c8d0 "\bT\212\177", 0x7fabde8a5ff0 "", 0x7fabde898d90 "", 
          0x7ffe8907c7f4 "", 0x7ffe8907c8c0 "\377\377\377\377", 
          0x7fabe146f530 "0\301P\341\253\177", 
          0x2d <error: Cannot access memory at address 0x2d>, 
          0x7fab00000000 <error: Cannot access memory at address 0x7fab00000000>, 0x1 <error: Cannot access memory at address 0x1>, 0x0, 
          0x1 <error: Cannot access memory at address 0x1>, 
          0x7fabe150c488 "\350\303P\341\253\177", 0x7ffe8907c960 "", 
          0x7fabe146f710 "\202\217@", 0x0, 0x7fabe150c130 "", 
          0x7ffe8907c988 "\bT\212\177", 
          0x7fabe12f0f0f <_dl_lookup_symbol_x+335> "H\203\304\060\203", <incomplete sequence \370>, 0x12 <error: Cannot access memory at address 0x12>, 
          0x7fabe146f710 "\202\217@", 
          0x1 <error: Cannot access memory at address 0x1>, 0x0, 
          0x1 <error: Cannot access memory at address 0x1>, 0x7fabe150c130 "", 
          0x7fabd9b574b0 "i", 0x7fabe1470500 "", 0x7ffe8907c9a0 "", 0x0, 
          0x7fabe150c488 "\350\303P\341\253\177", 
          0x7ffe8907c8d0 "\bT\212\177", 
          0x18907c990 <error: Cannot access memory at address 0x18907c990>, 
          0x7ffe8907c8c0 "\377\377\377\377", 
          0xf63d4e2e <error: Cannot access memory at address 0xf63d4e2e>, 
          0x40707b "__libc_start_main", 
          0xffffffff <error: Cannot access memory at address 0xffffffff>, 
          0x7ffe8907cb70 "\365\321\a\211\376\177", 0x7fabde8a5408 "\255(", 
          0x7fabe1478000 "", 0x2 <error: Cannot access memory at address 0x2>, 
          0x7fabe12f59a6 <_dl_fixup+214> "I\211\300d\213\004%\030", 
          0x1 <error: Cannot access memory at address 0x1>, 0x0, 
          0x2 <error: Cannot access memory at address 0x2>, 
          0x7fabde89d9e0 "\331\027", 0x7ffe8907caa0 "", 
          0x7fabe12fca03 <_dl_runtime_resolve_avx+179> "I\211\303f\017\032\234$0\001", 0x0, 0x0, 0x0, 0x63f8d0 <__libc_start_main@got.plt> "\240V\213\177", 
          0x40d070 <_start> "1\355I\211\321^H\211\342H\203\344\360PTI\307\300\200%C", 0x7ffe8907cb50 "\002", 0x0, 0x0, 0x0, 
          0x7fabe12f59a6 <_dl_fixup+214> "I\211\300d\213\004%\030", 
          0x1 <error: Cannot access memory at address 0x1>, 0x0, 
          0xff000000000000 <error: Cannot access memory at address 0xff000000000000>, 0x7fabde8a5408 "\255(", 0x7ffe8907cb20 "p\320@", 
          0x7fabe12fca03 <_dl_runtime_resolve_avx+179> "I\211\303f\017\032\234$0\001", 
          0x4000000000000000 <error: Cannot access memory at address 0x4000000000000000>, 0x0, 0x0, 0x0, 
          0x2f2f2f2f2f2f2f2f <error: Cannot access memory at address 0x2f2f2f2f2f2f2f2f>, 
          0x2f2f2f2f2f2f2f2f <error: Cannot access memory at address 0x2f2f2f2f2f2f2f2f>, 0x0, 0x0, 0x0, 0x0, 0x0, 0x0, 
          0xff000000000000 <error: Cannot access memory at address 0xff000000000000>, 0x0, 0x0, 0x0, 
          0x5f5f00656d697474 <error: Cannot access memory at address 0x5f5f00656d697474>, 
          0x7465675f6f736476 <error: Cannot access memory at address 0x7465675f6f736476>}
        i = <optimized out>
        nPlugin = 46
        disableSm = <optimized out>
        clientId = 0x0
        refreshRateArg = <optimized out>


#0  0x00007fabde94c17a in __GI___waitpid (pid=30120, 
    stat_loc=stat_loc@entry=0x7ffe8907a0a0, options=options@entry=0)
    at ../sysdeps/unix/sysv/linux/waitpid.c:29
#1  0x00007fabde8d410b in do_system (line=<optimized out>)
    at ../sysdeps/posix/system.c:148
#2  0x00007fabd0abc6e8 in crash_handler (sig=<optimized out>)
    at crashhandler.c:58
#3  <signal handler called>
#4  0x00007fabcc0ba641 in kdecompatDonePaintScreen (s=0xc65620)
    at kdecompat.c:292
#5  0x0000000000423af8 in handleWindowDamageRect (w=w@entry=0xc65620, 
    x=<optimized out>, y=<optimized out>, width=<optimized out>, 
    height=<optimized out>) at event.c:64
#6  0x0000000000423cf6 in handleWindowDamageRect (height=<optimized out>, 
    width=<optimized out>, y=<optimized out>, x=<optimized out>, w=0xc65620)
    at event.c:50
#7  handleSyncAlarm (w=0xc65620) at event.c:106
#8  0x000000000042549c in handleEvent (d=0x652d90, event=0x7ffe8907c0d0)
    at event.c:2412
#9  0x00007fabd6aabfe4 in moveHandleEvent (d=0x652d90, event=0x7ffe8907c0d0)
    at move.c:839
#10 0x00007fabd68a696f in resizeHandleEvent (d=0x652d90, event=0x7ffe8907c0d0)
    at resize.c:1286
#11 0x00007fabd669e004 in placeHandleEvent (d=0x652d90, event=0x7ffe8907c0d0)
    at place.c:2018
#12 0x00007fabd64985a3 in decorHandleEvent (d=0x652d90, event=0x7ffe8907c0d0)
    at decoration.c:1530
#13 0x00007fabd2a03678 in winrulesHandleEvent (d=0x652d90, 
    event=0x7ffe8907c0d0) at winrules.c:561
#14 0x00007fabd27fde68 in annoHandleEvent (d=0x652d90, event=0x7ffe8907c0d0)
    at annotate.c:1129
#15 0x00007fabd155a5bf in showdesktopHandleEvent (d=0x652d90, 
    event=0x7ffe8907c0d0) at showdesktop.c:632
#16 0x00007fabd13549c7 in extraWMHandleEvent (d=0x652d90, event=0x7ffe8907c0d0)
    at extrawm.c:388
#17 0x00007fabd114f1e7 in dialogHandleEvent (d=0x652d90, event=0x7ffe8907c0d0)
    at dialog.c:227
#18 0x00007fabd0f45984 in blurHandleEvent (d=0x652d90, event=0x7ffe8907c0d0)
    at blur.c:2556
#19 0x00007fabcf265fb7 in titleinfoHandleEvent (d=0x652d90, 
    event=0x7ffe8907c0d0) at titleinfo.c:281
#20 0x00007fabcf06193b in regexHandleEvent (d=0x652d90, event=0x7ffe8907c0d0)
    at regex.c:305
#21 0x00007fabcec4ce74 in animHandleEvent (d=<optimized out>, 
    event=<optimized out>) at animation.c:4012
#22 0x00007fabce83475c in gridHandleEvent (d=0x652d90, event=0x7ffe8907c0d0)
    at grid.c:532
#23 0x00007fabce626153 in shiftHandleEvent (d=0x652d90, event=0x7ffe8907c0d0)
    at shift.c:2146
#24 0x00007fabcdf05175 in wallHandleEvent (d=0x652d90, event=0x7ffe8907c0d0)
    at wall.c:684
#25 0x00007fabcdcf799a in infoHandleEvent (d=0x652d90, event=0x7ffe8907c0d0)
    at resizeinfo.c:577
#26 0x00007fabcd6e36d4 in fadeHandleEvent (d=0x652d90, event=0x7ffe8907c0d0)
    at fade.c:622
#27 0x00007fabcd4de127 in scaleHandleEvent (d=0x652d90, event=0x7ffe8907c0d0)
    at scale.c:1851
#28 0x00007fabcd0b97a0 in expoHandleEvent (d=0x652d90, event=0x7ffe8907c0d0)
    at expo.c:604
#29 0x00007fabcceae8b9 in zoomHandleEvent (d=0x652d90, event=0x7ffe8907c0d0)
    at ezoom.c:2161
#30 0x00007fabccca089d in switchHandleEvent (d=0x652d90, event=0x7ffe8907c0d0)
    at staticswitcher.c:1299
#31 0x00007fabcca92957 in scalefilterHandleEvent (d=0x652d90, 
    event=0x7ffe8907c0d0) at scalefilter.c:586
#32 0x00007fabcc6f0ddb in scaleaddonHandleEvent (d=0x652d90, 
    event=0x7ffe8907c0d0) at scaleaddon.c:509
#33 0x00007fabcc4e7ada in opacifyHandleEvent (d=0x652d90, event=0x7ffe8907c0d0)
    at opacify.c:372
#34 0x00007fabcc2cd803 in groupHandleEvent (d=<optimized out>, 
    event=<optimized out>) at group.c:1550
#35 0x00007fabcc0bb828 in kdecompatHandleEvent (d=0x652d90, 
    event=0x7ffe8907c0d0) at kdecompat.c:907
#36 0x000000000040fec3 in eventLoop () at display.c:1486
#37 0x000000000040ce8a in main (argc=2, argv=<optimized out>) at main.c:562
A debugging session is active.

	Inferior 1 [process 30046] will be detached.

Quit anyway? (y or n) [answered Y; input not from terminal]
Detaching from program: /usr/bin/compiz, process 30046

[CRASH_HANDLER]: "/tmp/compiz_crash-30046.out" created!

